<?xml version="1.0" encoding="UTF-8"?>
<testsuite xmlns:xsi="http://www.w3.org/2001/XMLSchema-instance" xsi:noNamespaceSchemaLocation="https://maven.apache.org/surefire/maven-surefire-plugin/xsd/surefire-test-report-3.0.xsd" version="3.0" name="com.GMMPCI.backend.BackendApplicationTests" time="3.717" tests="1" errors="0" skipped="0" failures="0">
  <properties>
[...]
</properties>
  <testcase name="contextLoads" classname="com.GMMPCI.backend.BackendApplicationTests" time="1.093">
    <system-out><![CDATA[18:29:51.324 [main] INFO org.springframework.test.context.support.AnnotationConfigContextLoaderUtils -- Could not detect default configuration classes for test class [com.GMMPCI.backend.BackendApplicationTests]: BackendApplicationTests does not declare any static, non-private, non-final, nested classes annotated with @Configuration.
18:29:51.495 [main] INFO org.springframework.boot.test.context.SpringBootTestContextBootstrapper -- Found @SpringBootConfiguration com.GMMPCI.backend.BackendApplication for test class com.GMMPCI.backend.BackendApplicationTests

  .   ____          _            __ _ _
 /\\ / ___'_ __ _ _(_)_ __  __ _ \ \ \ \
( ( )\___ | '_ | '_| | '_ \/ _` | \ \ \ \
 \\/  ___)| |_)| | | | | || (_| |  ) ) ) )
  '  |____| .__|_| |_|_| |_\__, | / / / /
 =========|_|==============|___/=/_/_/_/
 :: Spring Boot ::               (v3.2.10)

2024-10-18T18:29:52.107+08:00  INFO 3340 --- [backend] [           main] c.G.backend.BackendApplicationTests      : Starting BackendApplicationTests using Java 23.0.1 with PID 3340 (started by nherv in C:\Users\nherv\compliance-form-frontend\backend)
2024-10-18T18:29:52.109+08:00  INFO 3340 --- [backend] [           main] c.G.backend.BackendApplicationTests      : No active profile set, falling back to 1 default profile: "default"
2024-10-18T18:29:53.703+08:00  INFO 3340 --- [backend] [           main] c.G.backend.BackendApplicationTests      : Started BackendApplicationTests in 1.968 seconds (process running for 3.233)
]]></system-out>
    <system-err><![CDATA[WARNING: A Java agent has been loaded dynamically (C:\Users\nherv\.m2\repository\net\bytebuddy\byte-buddy-agent\1.14.19\byte-buddy-agent-1.14.19.jar)
WARNING: If a serviceability tool is in use, please run with -XX:+EnableDynamicAgentLoading to hide this warning
WARNING: If a serviceability tool is not in use, please run with -Djdk.instrument.traceUsage for more information
WARNING: Dynamic loading of agents will be disallowed by default in a future release
]]></system-err>
  </testcase>
</testsuite>